  [1m[36m (23.2ms)[0m  [1mCREATE TABLE "schema_migrations" ("version" varchar NOT NULL) [0m
  [1m[35m (0.2ms)[0m  select sqlite_version(*)
  [1m[36m (10.3ms)[0m  [1mCREATE UNIQUE INDEX "unique_schema_migrations" ON "schema_migrations" ("version")[0m
  [1m[35mActiveRecord::SchemaMigration Load (0.1ms)[0m  SELECT "schema_migrations".* FROM "schema_migrations"
Migrating to CreateUsers (20170320191913)
  [1m[36m (0.1ms)[0m  [1mbegin transaction[0m
  [1m[35m (0.4ms)[0m  CREATE TABLE "users" ("id" INTEGER PRIMARY KEY AUTOINCREMENT NOT NULL, "name" varchar, "email" varchar, "created_at" datetime NOT NULL, "updated_at" datetime NOT NULL) 
  [1m[36mSQL (0.2ms)[0m  [1mINSERT INTO "schema_migrations" ("version") VALUES (?)[0m  [["version", "20170320191913"]]
  [1m[35m (11.8ms)[0m  commit transaction
Migrating to AddPasswordDigestToUsers (20170320192846)
  [1m[36m (0.1ms)[0m  [1mbegin transaction[0m
  [1m[35m (0.4ms)[0m  ALTER TABLE "users" ADD "password_digest" varchar
  [1m[36mSQL (0.1ms)[0m  [1mINSERT INTO "schema_migrations" ("version") VALUES (?)[0m  [["version", "20170320192846"]]
  [1m[35m (9.1ms)[0m  commit transaction
Migrating to AddIndexToUsersEmail (20170324133137)
  [1m[36m (0.1ms)[0m  [1mbegin transaction[0m
  [1m[35mSQL (0.3ms)[0m  INSERT INTO "schema_migrations" ("version") VALUES (?)  [["version", "20170324133137"]]
  [1m[36m (9.7ms)[0m  [1mcommit transaction[0m
Migrating to AddRememberDigestToUsers (20170503212217)
  [1m[35m (0.1ms)[0m  begin transaction
  [1m[36m (0.4ms)[0m  [1mALTER TABLE "users" ADD "remember_digest" varchar[0m
  [1m[35mSQL (0.1ms)[0m  INSERT INTO "schema_migrations" ("version") VALUES (?)  [["version", "20170503212217"]]
  [1m[36m (9.9ms)[0m  [1mcommit transaction[0m
Migrating to AddAdminToUsers (20170504021227)
  [1m[35m (0.1ms)[0m  begin transaction
  [1m[36m (0.4ms)[0m  [1mALTER TABLE "users" ADD "admin" boolean DEFAULT 'f'[0m
  [1m[35mSQL (0.1ms)[0m  INSERT INTO "schema_migrations" ("version") VALUES (?)  [["version", "20170504021227"]]
  [1m[36m (11.6ms)[0m  [1mcommit transaction[0m
Migrating to CreatePages (20170504201607)
  [1m[35m (0.1ms)[0m  begin transaction
  [1m[36m (0.5ms)[0m  [1mCREATE TABLE "pages" ("id" INTEGER PRIMARY KEY AUTOINCREMENT NOT NULL, "title" varchar, "body" text, "images_ids" varchar, "created_at" datetime NOT NULL, "updated_at" datetime NOT NULL) [0m
  [1m[35mSQL (0.2ms)[0m  INSERT INTO "schema_migrations" ("version") VALUES (?)  [["version", "20170504201607"]]
  [1m[36m (9.8ms)[0m  [1mcommit transaction[0m
Migrating to CreateCourses (20170505152404)
  [1m[35m (0.1ms)[0m  begin transaction
  [1m[36m (0.3ms)[0m  [1mCREATE TABLE "courses" ("id" INTEGER PRIMARY KEY AUTOINCREMENT NOT NULL, "name" varchar, "instructor" varchar, "description" varchar, "start_date" date, "hour" time, "participants" varchar, "day" integer, "created_at" datetime NOT NULL, "updated_at" datetime NOT NULL) [0m
  [1m[35mSQL (0.1ms)[0m  INSERT INTO "schema_migrations" ("version") VALUES (?)  [["version", "20170505152404"]]
  [1m[36m (11.7ms)[0m  [1mcommit transaction[0m
Migrating to CreateImages (20170505154006)
  [1m[35m (0.1ms)[0m  begin transaction
  [1m[36m (0.5ms)[0m  [1mCREATE TABLE "images" ("id" INTEGER PRIMARY KEY AUTOINCREMENT NOT NULL, "filename" varchar, "alt" varchar, "caption" varchar, "name" varchar, "created_at" datetime NOT NULL, "updated_at" datetime NOT NULL) [0m
  [1m[35mSQL (0.1ms)[0m  INSERT INTO "schema_migrations" ("version") VALUES (?)  [["version", "20170505154006"]]
  [1m[36m (12.1ms)[0m  [1mcommit transaction[0m
Migrating to CreateMemberships (20170506014556)
  [1m[35m (0.2ms)[0m  begin transaction
  [1m[36m (0.5ms)[0m  [1mCREATE TABLE "memberships" ("id" INTEGER PRIMARY KEY AUTOINCREMENT NOT NULL, "title" varchar, "description" text, "price" decimal, "created_at" datetime NOT NULL, "updated_at" datetime NOT NULL) [0m
  [1m[35mSQL (0.1ms)[0m  INSERT INTO "schema_migrations" ("version") VALUES (?)  [["version", "20170506014556"]]
  [1m[36m (17.1ms)[0m  [1mcommit transaction[0m
Migrating to CreateContacts (20170506150748)
  [1m[35m (0.1ms)[0m  begin transaction
  [1m[36m (0.4ms)[0m  [1mCREATE TABLE "contacts" ("id" INTEGER PRIMARY KEY AUTOINCREMENT NOT NULL, "name" varchar, "phone" varchar, "email" varchar, "message" text, "created_at" datetime NOT NULL, "updated_at" datetime NOT NULL) [0m
  [1m[35mSQL (0.1ms)[0m  INSERT INTO "schema_migrations" ("version") VALUES (?)  [["version", "20170506150748"]]
  [1m[36m (11.6ms)[0m  [1mcommit transaction[0m
Migrating to CreateBookings (20170507182036)
  [1m[35m (0.1ms)[0m  begin transaction
  [1m[36m (0.4ms)[0m  [1mCREATE TABLE "bookings" ("id" INTEGER PRIMARY KEY AUTOINCREMENT NOT NULL, "course" varchar, "day" integer, "name" varchar, "email" varchar, "phone" varchar, "membership" varchar, "created_at" datetime NOT NULL, "updated_at" datetime NOT NULL) [0m
  [1m[35mSQL (0.1ms)[0m  INSERT INTO "schema_migrations" ("version") VALUES (?)  [["version", "20170507182036"]]
  [1m[36m (12.8ms)[0m  [1mcommit transaction[0m
  [1m[35mActiveRecord::SchemaMigration Load (0.1ms)[0m  SELECT "schema_migrations".* FROM "schema_migrations"
  [1m[36mActiveRecord::SchemaMigration Load (0.2ms)[0m  [1mSELECT "schema_migrations".* FROM "schema_migrations"[0m
  [1m[35m (0.1ms)[0m  begin transaction
  [1m[36mUser Exists (0.3ms)[0m  [1mSELECT  1 AS one FROM "users" WHERE LOWER("users"."email") = LOWER('root@root.com') LIMIT 1[0m
  [1m[35mSQL (0.5ms)[0m  INSERT INTO "users" ("name", "email", "password_digest", "admin", "created_at", "updated_at") VALUES (?, ?, ?, ?, ?, ?)  [["name", "Admin"], ["email", "root@root.com"], ["password_digest", "$2a$10$No/fPrKiAUDLBeUK8MSTsOMkNrKuffD1ojVuZN4HIt.AHjEVYbMTC"], ["admin", "t"], ["created_at", "2017-05-09 15:04:16.049843"], ["updated_at", "2017-05-09 15:04:16.049843"]]
  [1m[36m (10.9ms)[0m  [1mcommit transaction[0m


Started GET "/" for 37.228.239.208 at 2017-05-09 15:04:33 +0000
  [1m[36mActiveRecord::SchemaMigration Load (0.1ms)[0m  [1mSELECT "schema_migrations".* FROM "schema_migrations"[0m
Processing by StaticPagesController#home as HTML
  Rendered static_pages/home.html.erb within layouts/application (452.0ms)
  Rendered layouts/_shim.html.erb (1.0ms)
  Rendered layouts/_header.html.erb (5.8ms)
  Rendered layouts/_footer.html.erb (0.5ms)
Completed 200 OK in 623ms (Views: 614.0ms | ActiveRecord: 0.0ms)


Started GET "/assets/courses.self-e3b0c44298fc1c149afbf4c8996fb92427ae41e4649b934ca495991b7852b855.css?body=1" for 37.228.239.208 at 2017-05-09 15:04:34 +0000


Started GET "/assets/admin/dashboard.self-e3b0c44298fc1c149afbf4c8996fb92427ae41e4649b934ca495991b7852b855.css?body=1" for 37.228.239.208 at 2017-05-09 15:04:35 +0000


Started GET "/assets/pages.self-e3b0c44298fc1c149afbf4c8996fb92427ae41e4649b934ca495991b7852b855.css?body=1" for 37.228.239.208 at 2017-05-09 15:04:35 +0000


Started GET "/assets/admin/memberships.self-e3b0c44298fc1c149afbf4c8996fb92427ae41e4649b934ca495991b7852b855.css?body=1" for 37.228.239.208 at 2017-05-09 15:04:35 +0000


Started GET "/assets/bookings.self-e3b0c44298fc1c149afbf4c8996fb92427ae41e4649b934ca495991b7852b855.css?body=1" for 37.228.239.208 at 2017-05-09 15:04:35 +0000


Started GET "/assets/contact.self-e3b0c44298fc1c149afbf4c8996fb92427ae41e4649b934ca495991b7852b855.css?body=1" for 37.228.239.208 at 2017-05-09 15:04:35 +0000


Started GET "/assets/custom.self-9cea2c1fd5273cf1d4b09d45dc80196063498286fe834654dbf2a3b1d69473f3.css?body=1" for 37.228.239.208 at 2017-05-09 15:04:35 +0000


Started GET "/assets/static_pages.self-e3b0c44298fc1c149afbf4c8996fb92427ae41e4649b934ca495991b7852b855.css?body=1" for 37.228.239.208 at 2017-05-09 15:04:35 +0000


Started GET "/assets/sessions.self-e3b0c44298fc1c149afbf4c8996fb92427ae41e4649b934ca495991b7852b855.css?body=1" for 37.228.239.208 at 2017-05-09 15:04:35 +0000


Started GET "/assets/images.self-e3b0c44298fc1c149afbf4c8996fb92427ae41e4649b934ca495991b7852b855.css?body=1" for 37.228.239.208 at 2017-05-09 15:04:35 +0000


Started GET "/assets/users.self-e3b0c44298fc1c149afbf4c8996fb92427ae41e4649b934ca495991b7852b855.css?body=1" for 37.228.239.208 at 2017-05-09 15:04:35 +0000


Started GET "/assets/application.self-e80e8f2318043e8af94dddc2adad5a4f09739a8ebb323b3ab31cd71d45fd9113.css?body=1" for 37.228.239.208 at 2017-05-09 15:04:35 +0000


Started GET "/assets/jquery.self-d03a5518f45df77341bdbe6201ba3bfa547ebba8ed64f0ea56bfa5f96ea7c074.js?body=1" for 37.228.239.208 at 2017-05-09 15:04:35 +0000


Started GET "/assets/turbolinks.self-0a993f73466e2d0b5abaddcfe64e28fc7be51a14bf4bdd9774b57832c76b5c37.js?body=1" for 37.228.239.208 at 2017-05-09 15:04:35 +0000


Started GET "/assets/scaffolds.self-5d87d38a4db7a147674c2cd755f1e0de52ecfee5af53b0c99ad54a594cf020d5.css?body=1" for 37.228.239.208 at 2017-05-09 15:04:35 +0000


Started GET "/assets/admin/memberships.self-877aef30ae1b040ab8a3aba4e3e309a11d7f2612f44dde450b5c157aa5f95c05.js?body=1" for 37.228.239.208 at 2017-05-09 15:04:35 +0000


Started GET "/assets/bootstrap.self-b38817c3e3a3049abb1fc08dd6ae448b23330f8453226efdb074710209474f75.js?body=1" for 37.228.239.208 at 2017-05-09 15:04:35 +0000


Started GET "/assets/contact.self-877aef30ae1b040ab8a3aba4e3e309a11d7f2612f44dde450b5c157aa5f95c05.js?body=1" for 37.228.239.208 at 2017-05-09 15:04:35 +0000


Started GET "/assets/courses.self-877aef30ae1b040ab8a3aba4e3e309a11d7f2612f44dde450b5c157aa5f95c05.js?body=1" for 37.228.239.208 at 2017-05-09 15:04:35 +0000


Started GET "/assets/jquery_ujs.self-8e98a7a072a6cee1372d19fff9ff3e6aa1e39a37d89d6f06861637d061113ee7.js?body=1" for 37.228.239.208 at 2017-05-09 15:04:35 +0000


Started GET "/assets/images.self-877aef30ae1b040ab8a3aba4e3e309a11d7f2612f44dde450b5c157aa5f95c05.js?body=1" for 37.228.239.208 at 2017-05-09 15:04:35 +0000


Started GET "/assets/sessions.self-877aef30ae1b040ab8a3aba4e3e309a11d7f2612f44dde450b5c157aa5f95c05.js?body=1" for 37.228.239.208 at 2017-05-09 15:04:35 +0000


Started GET "/assets/static_pages.self-877aef30ae1b040ab8a3aba4e3e309a11d7f2612f44dde450b5c157aa5f95c05.js?body=1" for 37.228.239.208 at 2017-05-09 15:04:35 +0000


Started GET "/assets/users.self-877aef30ae1b040ab8a3aba4e3e309a11d7f2612f44dde450b5c157aa5f95c05.js?body=1" for 37.228.239.208 at 2017-05-09 15:04:35 +0000


Started GET "/assets/application.self-f8806224e027f3e3f0138ea9ce99319e298dfdb323304d1f1be6eae8e8c74724.js?body=1" for 37.228.239.208 at 2017-05-09 15:04:36 +0000


Started GET "/assets/admin/dashboard.self-877aef30ae1b040ab8a3aba4e3e309a11d7f2612f44dde450b5c157aa5f95c05.js?body=1" for 37.228.239.208 at 2017-05-09 15:04:36 +0000


Started GET "/assets/bookings.self-877aef30ae1b040ab8a3aba4e3e309a11d7f2612f44dde450b5c157aa5f95c05.js?body=1" for 37.228.239.208 at 2017-05-09 15:04:36 +0000


Started GET "/assets/rails-c1c1d94483dab06b4e850b21c5176201a962ab6a54db02a7b9d8d054619d34da.png" for 37.228.239.208 at 2017-05-09 15:04:36 +0000


Started GET "/assets/pages.self-877aef30ae1b040ab8a3aba4e3e309a11d7f2612f44dde450b5c157aa5f95c05.js?body=1" for 37.228.239.208 at 2017-05-09 15:04:36 +0000


Started GET "/memberships" for 37.228.239.208 at 2017-05-09 15:04:41 +0000
Processing by MembershipsController#index as HTML
  [1m[35mMembership Load (0.2ms)[0m  SELECT "memberships".* FROM "memberships"
  Rendered memberships/index.html.erb within layouts/application (2.1ms)
  Rendered layouts/_shim.html.erb (0.4ms)
  Rendered layouts/_header.html.erb (1.0ms)
  Rendered layouts/_footer.html.erb (0.5ms)
Completed 200 OK in 65ms (Views: 62.4ms | ActiveRecord: 0.4ms)


Started GET "/pages" for 37.228.239.208 at 2017-05-09 15:04:43 +0000
Processing by PagesController#index as HTML
  [1m[36mPage Load (0.2ms)[0m  [1mSELECT "pages".* FROM "pages"[0m
  Rendered pages/index.html.erb within layouts/application (2.1ms)
  Rendered layouts/_shim.html.erb (0.1ms)
  Rendered layouts/_header.html.erb (0.4ms)
  Rendered layouts/_footer.html.erb (0.2ms)
Completed 200 OK in 63ms (Views: 60.2ms | ActiveRecord: 0.4ms)


Started GET "/" for 37.228.239.208 at 2017-05-09 15:04:44 +0000
Processing by StaticPagesController#home as HTML
  Rendered static_pages/home.html.erb within layouts/application (2.9ms)
  Rendered layouts/_shim.html.erb (0.1ms)
  Rendered layouts/_header.html.erb (0.6ms)
  Rendered layouts/_footer.html.erb (0.3ms)
Completed 200 OK in 77ms (Views: 76.1ms | ActiveRecord: 0.0ms)


Started GET "/login" for 37.228.239.208 at 2017-05-09 15:04:52 +0000
Processing by SessionsController#new as HTML
  Rendered sessions/new.html.erb within layouts/application (37.1ms)
  Rendered layouts/_shim.html.erb (0.1ms)
  Rendered layouts/_header.html.erb (0.4ms)
  Rendered layouts/_footer.html.erb (0.2ms)
Completed 200 OK in 102ms (Views: 101.4ms | ActiveRecord: 0.0ms)


Started GET "/signup" for 37.228.239.208 at 2017-05-09 15:04:54 +0000
Processing by UsersController#new as HTML
  Rendered shared/_error_messages.html.erb (3.6ms)
  Rendered users/_form.html.erb (10.0ms)
  Rendered users/new.html.erb within layouts/application (12.8ms)
  Rendered layouts/_shim.html.erb (0.1ms)
  Rendered layouts/_header.html.erb (0.6ms)
  Rendered layouts/_footer.html.erb (0.2ms)
Completed 200 OK in 161ms (Views: 148.3ms | ActiveRecord: 0.8ms)


Started POST "/users" for 37.228.239.208 at 2017-05-09 15:05:11 +0000
Processing by UsersController#create as HTML
  Parameters: {"utf8"=>"✓", "authenticity_token"=>"2f0N3Z9spx5T7czGUyZm2EJySs21UIeCOpUcJ/f2rXQAAtkw5Ca1u7q31QoIqZeQyhvM1pkLufaLpp4BlR438A==", "user"=>{"name"=>"test", "email"=>"test1@test.fr", "password"=>"[FILTERED]", "password_confirmation"=>"[FILTERED]"}, "commit"=>"Create my account"}
  [1m[35m (0.2ms)[0m  begin transaction
  [1m[36mUser Exists (0.3ms)[0m  [1mSELECT  1 AS one FROM "users" WHERE LOWER("users"."email") = LOWER('test1@test.fr') LIMIT 1[0m
  [1m[35m (0.1ms)[0m  rollback transaction
  Rendered shared/_error_messages.html.erb (1.4ms)
  Rendered users/_form.html.erb (6.8ms)
  Rendered users/new.html.erb within layouts/application (9.1ms)
  Rendered layouts/_shim.html.erb (0.1ms)
  Rendered layouts/_header.html.erb (0.4ms)
  Rendered layouts/_footer.html.erb (0.2ms)
Completed 200 OK in 244ms (Views: 149.3ms | ActiveRecord: 0.6ms)


Started POST "/users" for 37.228.239.208 at 2017-05-09 15:05:20 +0000
Processing by UsersController#create as HTML
  Parameters: {"utf8"=>"✓", "authenticity_token"=>"1kBQse1NUBI5og3FD41Ph/zWTc/w7Oengnp53vVzSJcPv4RclgdCt9D4FAlUAr7PdL/L1Ny32dMzSfv4l5vSEw==", "user"=>{"name"=>"test", "email"=>"test1@test.fr", "password"=>"[FILTERED]", "password_confirmation"=>"[FILTERED]"}, "commit"=>"Create my account"}
  [1m[36m (0.1ms)[0m  [1mbegin transaction[0m
  [1m[35mUser Exists (0.2ms)[0m  SELECT  1 AS one FROM "users" WHERE LOWER("users"."email") = LOWER('test1@test.fr') LIMIT 1
  [1m[36mSQL (0.3ms)[0m  [1mINSERT INTO "users" ("name", "email", "password_digest", "created_at", "updated_at") VALUES (?, ?, ?, ?, ?)[0m  [["name", "test"], ["email", "test1@test.fr"], ["password_digest", "$2a$10$aU6iDoAlh2zFvLXW.2lfDuRNv1PwXAtYOt/kn.0Zf4TFznxVhNmu6"], ["created_at", "2017-05-09 15:05:20.536528"], ["updated_at", "2017-05-09 15:05:20.536528"]]
  [1m[35m (12.5ms)[0m  commit transaction
Redirected to https://test-didoudou.c9users.io/users/2
Completed 302 Found in 91ms (ActiveRecord: 13.1ms)


Started GET "/users/2" for 37.228.239.208 at 2017-05-09 15:05:20 +0000
Processing by UsersController#show as HTML
  Parameters: {"id"=>"2"}
  [1m[36mUser Load (0.3ms)[0m  [1mSELECT  "users".* FROM "users" WHERE "users"."id" = ? LIMIT 1[0m  [["id", 2]]
  Rendered users/show.html.erb within layouts/application (0.6ms)
  Rendered layouts/_shim.html.erb (0.1ms)
  [1m[35mUser Load (0.1ms)[0m  SELECT  "users".* FROM "users" WHERE "users"."id" = ? LIMIT 1  [["id", 2]]
  Rendered layouts/_header.html.erb (1.9ms)
  Rendered layouts/_footer.html.erb (0.2ms)
Completed 200 OK in 63ms (Views: 55.2ms | ActiveRecord: 0.4ms)


Started GET "/courses" for 37.228.239.208 at 2017-05-09 15:05:33 +0000
Processing by CoursesController#index as HTML
  [1m[36mCourse Load (0.2ms)[0m  [1mSELECT "courses".* FROM "courses"[0m
  Rendered courses/index.html.erb within layouts/application (2.1ms)
  Rendered layouts/_shim.html.erb (0.1ms)
  [1m[35mUser Load (0.1ms)[0m  SELECT  "users".* FROM "users" WHERE "users"."id" = ? LIMIT 1  [["id", 2]]
  Rendered layouts/_header.html.erb (1.4ms)
  Rendered layouts/_footer.html.erb (0.1ms)
Completed 200 OK in 56ms (Views: 52.7ms | ActiveRecord: 0.5ms)


Started GET "/pages" for 37.228.239.208 at 2017-05-09 15:05:36 +0000
Processing by PagesController#index as HTML
  [1m[36mPage Load (0.2ms)[0m  [1mSELECT "pages".* FROM "pages"[0m
  Rendered pages/index.html.erb within layouts/application (0.7ms)
  Rendered layouts/_shim.html.erb (0.1ms)
  [1m[35mUser Load (0.1ms)[0m  SELECT  "users".* FROM "users" WHERE "users"."id" = ? LIMIT 1  [["id", 2]]
  Rendered layouts/_header.html.erb (1.3ms)
  Rendered layouts/_footer.html.erb (0.2ms)
Completed 200 OK in 58ms (Views: 56.6ms | ActiveRecord: 0.3ms)


Started GET "/memberships" for 37.228.239.208 at 2017-05-09 15:05:37 +0000
Processing by MembershipsController#index as HTML
  [1m[36mMembership Load (0.2ms)[0m  [1mSELECT "memberships".* FROM "memberships"[0m
  Rendered memberships/index.html.erb within layouts/application (0.7ms)
  Rendered layouts/_shim.html.erb (0.1ms)
  [1m[35mUser Load (0.2ms)[0m  SELECT  "users".* FROM "users" WHERE "users"."id" = ? LIMIT 1  [["id", 2]]
  Rendered layouts/_header.html.erb (1.2ms)
  Rendered layouts/_footer.html.erb (0.1ms)
Completed 200 OK in 51ms (Views: 50.0ms | ActiveRecord: 0.4ms)


Started GET "/" for 37.228.239.208 at 2017-05-09 15:05:38 +0000
Processing by StaticPagesController#home as HTML
  Rendered static_pages/home.html.erb within layouts/application (1.8ms)
  Rendered layouts/_shim.html.erb (0.1ms)
  [1m[36mUser Load (0.1ms)[0m  [1mSELECT  "users".* FROM "users" WHERE "users"."id" = ? LIMIT 1[0m  [["id", 2]]
  Rendered layouts/_header.html.erb (1.4ms)
  Rendered layouts/_footer.html.erb (0.2ms)
Completed 200 OK in 56ms (Views: 55.6ms | ActiveRecord: 0.1ms)


Started GET "/courses" for 37.228.239.208 at 2017-05-09 15:05:40 +0000
Processing by CoursesController#index as HTML
  [1m[35mCourse Load (0.2ms)[0m  SELECT "courses".* FROM "courses"
  Rendered courses/index.html.erb within layouts/application (0.7ms)
  Rendered layouts/_shim.html.erb (0.1ms)
  [1m[36mUser Load (0.1ms)[0m  [1mSELECT  "users".* FROM "users" WHERE "users"."id" = ? LIMIT 1[0m  [["id", 2]]
  Rendered layouts/_header.html.erb (1.3ms)
  Rendered layouts/_footer.html.erb (0.2ms)
Completed 200 OK in 58ms (Views: 57.4ms | ActiveRecord: 0.3ms)


Started DELETE "/logout" for 37.228.239.208 at 2017-05-09 15:05:42 +0000
Processing by SessionsController#destroy as HTML
  Parameters: {"authenticity_token"=>"bNUodmps5NOylcs2bGroZf1OzKByv4v3UrhDn/q5ZfK1KvybESb2dlvP0vo35RktdSdKu17ktYPji8G5mFH/dg=="}
  [1m[35mUser Load (0.1ms)[0m  SELECT  "users".* FROM "users" WHERE "users"."id" = ? LIMIT 1  [["id", 2]]
  [1m[36m (0.1ms)[0m  [1mbegin transaction[0m
  [1m[35m (0.1ms)[0m  commit transaction
Redirected to https://test-didoudou.c9users.io/
Completed 302 Found in 3ms (ActiveRecord: 0.3ms)


Started GET "/" for 37.228.239.208 at 2017-05-09 15:05:42 +0000
Processing by StaticPagesController#home as HTML
  Rendered static_pages/home.html.erb within layouts/application (1.8ms)
  Rendered layouts/_shim.html.erb (0.1ms)
  Rendered layouts/_header.html.erb (0.4ms)
  Rendered layouts/_footer.html.erb (0.2ms)
Completed 200 OK in 138ms (Views: 137.1ms | ActiveRecord: 0.0ms)


Started GET "/login" for 37.228.239.208 at 2017-05-09 15:05:58 +0000
Processing by SessionsController#new as HTML
  Rendered sessions/new.html.erb within layouts/application (1.5ms)
  Rendered layouts/_shim.html.erb (0.1ms)
  Rendered layouts/_header.html.erb (0.5ms)
  Rendered layouts/_footer.html.erb (0.1ms)
Completed 200 OK in 67ms (Views: 66.0ms | ActiveRecord: 0.0ms)


Started POST "/login" for 37.228.239.208 at 2017-05-09 15:06:05 +0000
Processing by SessionsController#create as HTML
  Parameters: {"utf8"=>"✓", "authenticity_token"=>"cLKMLDEIgFRP6nTLyQAfP242GxGYBP1gBSVviWMIYlupTVjBSkKS8aawbQeSj+535l+dCrRfwxS0Fu2vAeD43w==", "session"=>{"email"=>"root@root.com", "password"=>"[FILTERED]", "remember_me"=>"0"}, "commit"=>"Log in"}
  [1m[36mUser Load (0.3ms)[0m  [1mSELECT  "users".* FROM "users" WHERE "users"."email" = ? LIMIT 1[0m  [["email", "root@root.com"]]
  [1m[35m (0.2ms)[0m  begin transaction
  [1m[36m (0.1ms)[0m  [1mcommit transaction[0m
Redirected to https://test-didoudou.c9users.io/users/1
Completed 302 Found in 77ms (ActiveRecord: 0.6ms)


Started GET "/users/1" for 37.228.239.208 at 2017-05-09 15:06:05 +0000
Processing by UsersController#show as HTML
  Parameters: {"id"=>"1"}
  [1m[35mUser Load (0.2ms)[0m  SELECT  "users".* FROM "users" WHERE "users"."id" = ? LIMIT 1  [["id", 1]]
  Rendered users/show.html.erb within layouts/application (0.1ms)
  Rendered layouts/_shim.html.erb (0.1ms)
  [1m[36mUser Load (0.1ms)[0m  [1mSELECT  "users".* FROM "users" WHERE "users"."id" = ? LIMIT 1[0m  [["id", 1]]
  Rendered layouts/_header.html.erb (1.5ms)
  Rendered layouts/_footer.html.erb (0.3ms)
Completed 200 OK in 60ms (Views: 58.8ms | ActiveRecord: 0.3ms)


Started GET "/admin" for 37.228.239.208 at 2017-05-09 15:06:08 +0000
Processing by Admin::DashboardController#index as HTML
  [1m[35mUser Load (0.2ms)[0m  SELECT  "users".* FROM "users" WHERE "users"."id" = ? LIMIT 1  [["id", 1]]
  Rendered admin/dashboard/index.html.erb within layouts/application (1.0ms)
  Rendered layouts/_shim.html.erb (0.1ms)
  Rendered layouts/_header.html.erb (0.7ms)
  Rendered layouts/_footer.html.erb (0.2ms)
Completed 200 OK in 58ms (Views: 56.8ms | ActiveRecord: 0.2ms)


Started GET "/admin/courses" for 37.228.239.208 at 2017-05-09 15:06:11 +0000
Processing by Admin::CoursesController#index as HTML
  [1m[36mUser Load (0.2ms)[0m  [1mSELECT  "users".* FROM "users" WHERE "users"."id" = ? LIMIT 1[0m  [["id", 1]]
  [1m[35mCourse Load (0.2ms)[0m  SELECT "courses".* FROM "courses"
  Rendered admin/courses/index.html.erb within layouts/application (1.7ms)
  Rendered layouts/_shim.html.erb (0.1ms)
  Rendered layouts/_header.html.erb (0.7ms)
  Rendered layouts/_footer.html.erb (0.2ms)
Completed 200 OK in 57ms (Views: 55.6ms | ActiveRecord: 0.3ms)


Started GET "/admin/courses/new" for 37.228.239.208 at 2017-05-09 15:06:12 +0000
Processing by Admin::CoursesController#new as HTML
  [1m[36mUser Load (0.1ms)[0m  [1mSELECT  "users".* FROM "users" WHERE "users"."id" = ? LIMIT 1[0m  [["id", 1]]
  Rendered admin/courses/_form.html.erb (12.2ms)
  Rendered admin/courses/new.html.erb within layouts/application (14.6ms)
  Rendered layouts/_shim.html.erb (0.1ms)
  Rendered layouts/_header.html.erb (0.7ms)
  Rendered layouts/_footer.html.erb (0.2ms)
Completed 200 OK in 71ms (Views: 64.0ms | ActiveRecord: 0.3ms)
